<?xml version="1.0" encoding="UTF-8"?>
<testsuite name="com.neutrinosys.peopledb.repository.PeopleRepositoryTests" tests="8" skipped="0" failures="0" errors="0" timestamp="2023-08-31T05:57:15" hostname="DESKTOP-IG7IGC5" time="0.653">
  <properties/>
  <testcase name="testPersonIdNotFound()" classname="com.neutrinosys.peopledb.repository.PeopleRepositoryTests" time="0.324"/>
  <testcase name="canDelete()" classname="com.neutrinosys.peopledb.repository.PeopleRepositoryTests" time="0.085"/>
  <testcase name="canFindPersonById()" classname="com.neutrinosys.peopledb.repository.PeopleRepositoryTests" time="0.037"/>
  <testcase name="experiment()" classname="com.neutrinosys.peopledb.repository.PeopleRepositoryTests" time="0.034"/>
  <testcase name="canSaveTwoPeople()" classname="com.neutrinosys.peopledb.repository.PeopleRepositoryTests" time="0.042"/>
  <testcase name="canUpdate()" classname="com.neutrinosys.peopledb.repository.PeopleRepositoryTests" time="0.038"/>
  <testcase name="canDeleteMultiplePeople()" classname="com.neutrinosys.peopledb.repository.PeopleRepositoryTests" time="0.044"/>
  <testcase name="canSaveOnePerson()" classname="com.neutrinosys.peopledb.repository.PeopleRepositoryTests" time="0.032"/>
  <system-out><![CDATA[16
Person{id=100, firstname='test', lastName='jackson', dob=2023-08-30T23:57:15.880303-06:00[America/Mexico_City]}
Records affected: 1
17
16
Person{id=101, firstname='test', lastName='jackson', dob=2023-08-30T23:57:15.951112300-06:00[America/Mexico_City]}
Records affected: 1
10,20,30,40,50
Person{id=102, firstname='Javier', lastName='Smith', dob=1980-11-15T15:15-06:00}
Records affected: 1
Person{id=103, firstname='Javier', lastName='Smith', dob=1980-11-15T15:15-06:00}
Records affected: 1
Person{id=104, firstname='test', lastName='jackson', dob=2023-08-30T23:57:16.065805300-06:00[America/Mexico_City]}
Records affected: 1
Person{id=105, firstname='test', lastName='jackson', dob=2023-08-30T23:57:16.109688100-06:00[America/Mexico_City]}
Records affected: 1
Person{id=106, firstname='test', lastName='jackson', dob=2023-08-30T23:57:16.113678-06:00[America/Mexico_City]}
Records affected: 1
2
Person{id=107, firstname='John', lastName='Smith', dob=1980-11-15T15:15-06:00}
Records affected: 1
]]></system-out>
  <system-err><![CDATA[]]></system-err>
</testsuite>
